<?xml version="1.0" encoding="UTF-8" standalone="no"?>
<!DOCTYPE log SYSTEM "logger.dtd">
<head/><log>
<record>
  <date>2016-08-24T21:29:29.525-0300</date>
  <logger>ALESSANDRO LIA FOOK SANTOS</logger>
  <level>FINE</level>
  <message>File 115111170-ALESSANDRO LIA FOOK SANTOS.zip was received. It was sent by ALESSANDRO LIA FOOK SANTOS from IP 192.168.25.235</message>
</record>
</log>
<?xml version="1.0" encoding="UTF-8" standalone="no"?>
<!DOCTYPE log SYSTEM "logger.dtd">
<log>
<record>
  <date>2016-08-24T22:43:39.898-0300</date>
  <logger>ALESSANDRO LIA FOOK SANTOS</logger>
  <level>FINE</level>
  <message>File 115111170-ALESSANDRO LIA FOOK SANTOS.zip was received. It was sent by ALESSANDRO LIA FOOK SANTOS from IP 192.168.25.235</message>
</record>
</log>
<?xml version="1.0" encoding="UTF-8" standalone="no"?>
<!DOCTYPE log SYSTEM "logger.dtd">
<log>
<record>
  <date>2016-08-24T23:08:15.125-0300</date>
  <logger>ALESSANDRO LIA FOOK SANTOS</logger>
  <level>FINE</level>
  <message>File 115111170-ALESSANDRO LIA FOOK SANTOS.zip was received. It was sent by ALESSANDRO LIA FOOK SANTOS from IP 192.168.25.235</message>
</record>
