<?xml version="1.0" encoding="UTF-8" standalone="no"?>
<!DOCTYPE log SYSTEM "logger.dtd">
<head/><log>
<record>
  <date>2016-09-26T14:12:18.099-0300</date>
  <logger>ALESSANDRO LIA FOOK SANTOS</logger>
  <level>FINE</level>
  <message>File 115111170-ALESSANDRO LIA FOOK SANTOS.zip was received. It was sent by ALESSANDRO LIA FOOK SANTOS from IP 192.168.25.180</message>
</record>
</log>
<?xml version="1.0" encoding="UTF-8" standalone="no"?>
<!DOCTYPE log SYSTEM "logger.dtd">
<log>
<record>
  <date>2016-09-27T01:08:21.190-0300</date>
  <logger>ALESSANDRO LIA FOOK SANTOS</logger>
  <level>FINE</level>
  <message>File 115111170-ALESSANDRO LIA FOOK SANTOS.zip was received. It was sent by ALESSANDRO LIA FOOK SANTOS from IP 10.3.2.109</message>
</record>
</log>
<?xml version="1.0" encoding="UTF-8" standalone="no"?>
<!DOCTYPE log SYSTEM "logger.dtd">
<log>
<record>
  <date>2016-09-27T23:33:38.239-0300</date>
  <logger>ALESSANDRO LIA FOOK SANTOS</logger>
  <level>FINE</level>
  <message>File 115111170-ALESSANDRO LIA FOOK SANTOS.zip was received. It was sent by ALESSANDRO LIA FOOK SANTOS from IP 192.168.25.180</message>
</record>
