<?xml version="1.0" encoding="UTF-8" standalone="no"?>
<!DOCTYPE log SYSTEM "logger.dtd">
<head/><log>
<record>
  <date>2016-08-15T19:14:09.156-0300</date>
  <logger>ALESSANDRO LIA FOOK SANTOS</logger>
  <level>FINE</level>
  <message>File 115111170-ALESSANDRO LIA FOOK SANTOS.zip was received. It was sent by ALESSANDRO LIA FOOK SANTOS from IP 192.168.25.235</message>
</record>
</log>
<?xml version="1.0" encoding="UTF-8" standalone="no"?>
<!DOCTYPE log SYSTEM "logger.dtd">
<log>
<record>
  <date>2016-08-15T23:02:24.174-0300</date>
  <logger>ALESSANDRO LIA FOOK SANTOS</logger>
  <level>FINE</level>
  <message>File 115111170-ALESSANDRO LIA FOOK SANTOS.zip was received. It was sent by ALESSANDRO LIA FOOK SANTOS from IP 192.168.25.235</message>
</record>
</log>
<?xml version="1.0" encoding="UTF-8" standalone="no"?>
<!DOCTYPE log SYSTEM "logger.dtd">
<log>
<record>
  <date>2016-08-15T23:55:33.494-0300</date>
  <logger>ALESSANDRO LIA FOOK SANTOS</logger>
  <level>FINE</level>
  <message>File 115111170-ALESSANDRO LIA FOOK SANTOS.zip was received. It was sent by ALESSANDRO LIA FOOK SANTOS from IP 192.168.25.235</message>
</record>
</log>
<?xml version="1.0" encoding="UTF-8" standalone="no"?>
<!DOCTYPE log SYSTEM "logger.dtd">
<log>
<record>
  <date>2016-08-15T23:56:29.530-0300</date>
  <logger>ALESSANDRO LIA FOOK SANTOS</logger>
  <level>FINE</level>
  <message>File 115111170-ALESSANDRO LIA FOOK SANTOS.zip was received. It was sent by ALESSANDRO LIA FOOK SANTOS from IP 192.168.25.235</message>
</record>
