<?xml version="1.0" encoding="UTF-8" standalone="no"?>
<!DOCTYPE log SYSTEM "logger.dtd">
<head/><log>
<record>
  <date>2016-08-01T15:09:14.852-0300</date>
  <logger>ALESSANDRO LIA FOOK SANTOS</logger>
  <level>FINE</level>
  <message>File 115111170-ALESSANDRO LIA FOOK SANTOS.zip was received. It was sent by ALESSANDRO LIA FOOK SANTOS from IP 150.165.74.137</message>
</record>
</log>
<?xml version="1.0" encoding="UTF-8" standalone="no"?>
<!DOCTYPE log SYSTEM "logger.dtd">
<log>
<record>
  <date>2016-08-01T21:03:19.479-0300</date>
  <logger>ALESSANDRO LIA FOOK SANTOS</logger>
  <level>FINE</level>
  <message>File 115111170-ALESSANDRO LIA FOOK SANTOS.zip was received. It was sent by ALESSANDRO LIA FOOK SANTOS from IP 192.168.0.107</message>
</record>
</log>
<?xml version="1.0" encoding="UTF-8" standalone="no"?>
<!DOCTYPE log SYSTEM "logger.dtd">
<log>
<record>
  <date>2016-08-01T22:09:41.602-0300</date>
  <logger>ALESSANDRO LIA FOOK SANTOS</logger>
  <level>FINE</level>
  <message>File 115111170-ALESSANDRO LIA FOOK SANTOS.zip was received. It was sent by ALESSANDRO LIA FOOK SANTOS from IP 192.168.0.107</message>
</record>
</log>
<?xml version="1.0" encoding="UTF-8" standalone="no"?>
<!DOCTYPE log SYSTEM "logger.dtd">
<log>
<record>
  <date>2016-08-01T22:11:37.543-0300</date>
  <logger>ALESSANDRO LIA FOOK SANTOS</logger>
  <level>FINE</level>
  <message>File 115111170-ALESSANDRO LIA FOOK SANTOS.zip was received. It was sent by ALESSANDRO LIA FOOK SANTOS from IP 192.168.0.107</message>
</record>
